<?xml version="1.0" encoding="UTF-8"?>
<testng-results ignored="0" total="1" passed="1" failed="0" skipped="0">
  <reporter-output>
  </reporter-output>
  <suite started-at="2021-01-21T11:17:01 EST" name="Release2021" finished-at="2021-01-21T11:17:08 EST" duration-ms="7016">
    <groups>
    </groups>
    <test started-at="2021-01-21T11:17:01 EST" name="Smoke Test" finished-at="2021-01-21T11:17:08 EST" duration-ms="7016">
      <class name="smoke.Test1">
        <test-method is-config="true" signature="beforeMethod(java.lang.String, java.lang.String)[pri:0, instance:smoke.Test1@f2ff811]" started-at="2021-01-21T11:17:01 EST" name="beforeMethod" finished-at="2021-01-21T11:17:07 EST" duration-ms="6187" status="PASS">
          <params>
            <param index="0">
              <value>
                <![CDATA[chrome]]>
              </value>
            </param>
            <param index="1">
              <value>
                <![CDATA[https://www.saucedemo.com/]]>
              </value>
            </param>
          </params>
          <reporter-output>
          </reporter-output>
        </test-method> <!-- beforeMethod -->
        <test-method signature="Login()[pri:0, instance:smoke.Test1@f2ff811]" started-at="2021-01-21T11:17:07 EST" name="Login" finished-at="2021-01-21T11:17:08 EST" duration-ms="798" status="PASS">
          <reporter-output>
          </reporter-output>
        </test-method> <!-- Login -->
      </class> <!-- smoke.Test1 -->
    </test> <!-- Smoke Test -->
  </suite> <!-- Release2021 -->
</testng-results>
